<?xml version="1.0" encoding="UTF-8"?>
<testsuite xmlns:xsi="http://www.w3.org/2001/XMLSchema-instance" xsi:noNamespaceSchemaLocation="https://maven.apache.org/surefire/maven-surefire-plugin/xsd/surefire-test-report-3.0.xsd" version="3.0" name="com.newsApp.app.service.AppServiceTest" time="4.716" tests="4" errors="0" skipped="0" failures="0">
  <properties>
[...]
</properties>
  <testcase name="testGetArticles_Success_India" classname="com.newsApp.app.service.AppServiceTest" time="3.34">
    <system-out><![CDATA[[com.newsApp.app.model.NewsArticle@72a34537, com.newsApp.app.model.NewsArticle@24fef542, com.newsApp.app.model.NewsArticle@44ddb518, com.newsApp.app.model.NewsArticle@e36bc01, com.newsApp.app.model.NewsArticle@6654ca0d, com.newsApp.app.model.NewsArticle@35536760, com.newsApp.app.model.NewsArticle@1c8f71a7, com.newsApp.app.model.NewsArticle@27e21083, com.newsApp.app.model.NewsArticle@67a6a2d0, com.newsApp.app.model.NewsArticle@49e0b123, com.newsApp.app.model.NewsArticle@2e85e3f1, com.newsApp.app.model.NewsArticle@195498aa, com.newsApp.app.model.NewsArticle@4b360972, com.newsApp.app.model.NewsArticle@793d09e, com.newsApp.app.model.NewsArticle@68821f6, com.newsApp.app.model.NewsArticle@3ba46845, com.newsApp.app.model.NewsArticle@40a28bda, com.newsApp.app.model.NewsArticle@592cb470, com.newsApp.app.model.NewsArticle@1e6cb932, com.newsApp.app.model.NewsArticle@6921cfa]
]]></system-out>
  </testcase>
  <testcase name="testGetArticles_Success_Us" classname="com.newsApp.app.service.AppServiceTest" time="0.43">
    <system-out><![CDATA[[com.newsApp.app.model.NewsArticle@37f71c05, com.newsApp.app.model.NewsArticle@5bd3ca3c, com.newsApp.app.model.NewsArticle@2dd8a273, com.newsApp.app.model.NewsArticle@59f76e56, com.newsApp.app.model.NewsArticle@566f4659, com.newsApp.app.model.NewsArticle@1328f482, com.newsApp.app.model.NewsArticle@7b8b07ae, com.newsApp.app.model.NewsArticle@19ec5357, com.newsApp.app.model.NewsArticle@351d93bd, com.newsApp.app.model.NewsArticle@61c5fd78, com.newsApp.app.model.NewsArticle@42503099, com.newsApp.app.model.NewsArticle@39dda56f, com.newsApp.app.model.NewsArticle@60844992, com.newsApp.app.model.NewsArticle@2ee456c7, com.newsApp.app.model.NewsArticle@6df37f7a, com.newsApp.app.model.NewsArticle@39514976, com.newsApp.app.model.NewsArticle@7bdb4f17, com.newsApp.app.model.NewsArticle@77856cc5, com.newsApp.app.model.NewsArticle@1fbd5e0, com.newsApp.app.model.NewsArticle@32d22650]
]]></system-out>
  </testcase>
  <testcase name="testGetArticles_Error" classname="com.newsApp.app.service.AppServiceTest" time="0.451">
    <system-out><![CDATA[[]
]]></system-out>
  </testcase>
  <testcase name="testGetArticles_Success" classname="com.newsApp.app.service.AppServiceTest" time="0.474">
    <system-out><![CDATA[[com.newsApp.app.model.NewsArticle@3ec082a1, com.newsApp.app.model.NewsArticle@7a3c99f1, com.newsApp.app.model.NewsArticle@16b7e04a, com.newsApp.app.model.NewsArticle@661db63e, com.newsApp.app.model.NewsArticle@5cf2f5d6, com.newsApp.app.model.NewsArticle@429f0ca8, com.newsApp.app.model.NewsArticle@6b030101, com.newsApp.app.model.NewsArticle@60a4e619, com.newsApp.app.model.NewsArticle@2bb3f39e, com.newsApp.app.model.NewsArticle@11f3400c, com.newsApp.app.model.NewsArticle@628b503a, com.newsApp.app.model.NewsArticle@2558f65c, com.newsApp.app.model.NewsArticle@11c3ce6a, com.newsApp.app.model.NewsArticle@1a3b1f7e, com.newsApp.app.model.NewsArticle@22899683, com.newsApp.app.model.NewsArticle@40017e98, com.newsApp.app.model.NewsArticle@4fbe486c, com.newsApp.app.model.NewsArticle@dbc7e0a, com.newsApp.app.model.NewsArticle@636fccb0, com.newsApp.app.model.NewsArticle@28519bfb]
]]></system-out>
  </testcase>
</testsuite>